10 0 778 1230 1604 2104 2579 3137 3787 4747 6074
11 1 796 1155 1527 1765 2007 2645 3369 3927 4671 5587
12 2 422 875 1249 1588 1908 2187 2593 3279 3920 4812 8013
11 3 425 842 1095 1523 1805 2298 2994 3515 4897 6084
11 4 690 1032 1456 1841 2295 2795 3297 4684 5854 9311
12 5 662 945 1210 1480 1909 2220 2514 3004 3455 4509 5718
8 6 773 2260 2684 3120 3882 4492 6997
13 7 480 824 1151 1567 1902 2071 2552 3125 4077 4697 5723 8850
11 8 542 882 1346 1776 2363 2572 3219 3931 4862 7252
10 9 474 1037 1723 2111 2575 3033 3619 5065 8332
9 10 794 1283 1599 2092 2715 3473 4236 5758
12 11 604 1084 1452 1677 2103 2533 2653 3303 4316 5176 8036
11 12 583 903 1276 1637 2024 2498 3006 3695 4745 5631
11 13 774 1136 1401 1721 2120 2570 2964 3945 5399 7089
12 14 728 1110 1388 1618 2040 2424 2826 3478 4151 5274 7181
11 15 521 736 1189 1576 1982 2469 3128 3791 5270 8654
11 16 623 821 1160 1672 2005 2582 3179 3981 5033 7001
11 17 815 1261 1579 1862 2268 2667 3308 3718 4927 7093
11 18 674 1117 1537 1937 2185 2496 2830 3500 4434 5536
11 19 432 969 1343 1731 2021 2508 2886 3662 4463 5812
12 20 502 1059 1418 1712 2016 2403 2839 3447 4676 5726 8802
9 21 734 1141 1551 1973 3385 4265 5057 7603
11 22 466 862 1108 1422 1886 2287 2773 3363 4054 5331
6 23 1766 2177 3906 4861 6087
11 24 541 819 1302 1799 2131 2743 3194 4216 5455 7166
11 25 832 1049 1461 1701 2202 2789 3346 4290 4918 6185
11 26 685 1175 1481 1931 2388 2659 3008 3780 4961 6853
7 27 680 1195 1564 1879 2321 2866
8 28 594 1159 2837 3241 3890 4864 6154
11 29 406 731 1158 1410 1820 2107 2672 3286 4412 6782
12 30 534 901 1253 1784 2079 2427 2854 3402 3994 4922 7281
12 31 664 1011 1171 1498 1854 2236 2786 3400 3971 4905 7855
11 32 582 1104 1357 1648 2012 2395 2687 2983 3983 5174
11 33 610 813 1278 1493 1865 2263 2712 3305 3898 5273
12 34 788 1293 1489 1610 2067 2194 2614 3254 3959 5003 6770
11 35 776 1213 1583 1979 2390 2557 2950 3653 4751 6295
9 36 523 835 2444 2965 3597 4308 5110 7251
7 37 643 1134 1517 1956 4252 5889
8 38 492 2029 2404 2849 3503 4556 6242
11 39 793 984 1398 1706 2372 2692 3187 3516 4257 5202
13 40 544 855 1203 1497 1759 2179 2468 2889 3551 4295 5395 7539
11 41 509 845 1222 1533 1894 2343 3039 3712 4729 5664
8 42 510 908 1377 1844 4082 4929 8669
11 43 676 1045 1369 1846 2256 2761 3250 3984 4662 6433
11 44 721 957 1372 1613 1996 2348 2897 3497 4691 7641
8 45 647 1022 2701 3091 4134 5494 7368
11 46 691 1009 1332 1596 1985 2331 2807 3285 3965 5531
11 47 638 1054 1303 1725 1971 2446 2877 3387 4127 5896
11 48 646 891 1361 1696 1969 2407 2865 3571 4442 6400
11 49 552 906 1219 1540 1772 2338 2921 3598 4640 7035
11 50 644 1144 1617 1952 2420 2798 3386 4161 5010 7182
11 51 738 1182 1494 1732 2201 2595 3089 3700 4896 6096
11 52 601 992 1336 1683 2018 2609 3042 3800 4567 6520
10 53 590 885 1206 2059 2449 2911 3389 4750 6136
11 54 753 1150 1446 1783 2132 2800 3183 3897 4678 5865
10 55 448 935 1474 1856 2191 2535 3229 4181 6250
12 56 614 963 1313 1791 2074 2699 3255 4023 4504 5443 9811
11 57 592 1100 1468 1822 2152 2688 3131 4067 4692 6032
11 58 543 909 1282 1755 2269 2697 3235 4042 5791 9885
12 59 571 811 1252 1607 1950 2312 2764 3080 3932 5266 8178
9 60 653 1034 1366 1727 2042 2437 2887 7938
10 61 672 847 1258 1671 2138 2549 3214 4191 5977
11 62 456 1028 1437 1761 2199 2569 3318 3928 4904 6723
8 63 578 1066 1263 1606 1959 2346 5819
8 64 585 965 1483 1720 2116 2448 5987
11 65 619 1001 1425 1716 2093 2497 2895 3637 4510 7527
11 66 483 834 1229 1745 2077 2398 2760 3378 4281 6113
10 67 487 1062 1416 2013 2494 2816 3643 4779 6690
10 68 475 996 1318 1789 2262 2762 3408 4785 6477
10 69 538 1102 1595 1935 2408 3037 3761 4390 6227
9 70 522 975 1312 1520 1855 3858 4766 8019
11 71 723 1240 1572 1842 2302 2568 3070 3548 4445 5884
12 72 415 883 1279 1590 1940 2300 2880 3626 4047 4926 6933
5 73 740 1067 2736 8337
12 74 526 948 1351 1794 2235 2474 3003 3348 3987 4945 6461
8 75 429 804 1200 1529 3458 4432 6569
8 76 768 1246 3064 3656 4310 5354 7185
11 77 558 927 1340 1655 1947 2369 2841 3323 3957 5230
11 78 735 967 1383 1775 2251 2678 3344 4185 5253 7708
12 79 609 1071 1421 1926 2130 2379 2853 3215 3896 4994 6492
9 80 745 1072 1304 1611 2003 2495 3035 3638
11 81 757 1115 1552 1857 2214 2745 3356 4424 5618 7228
11 82 649 916 1231 1644 1907 2055 2600 3056 4015 5973
11 83 511 876 1397 1793 2163 2544 2931 3883 4760 6080
8 84 648 1070 1285 1717 2159 2591 7568
11 85 554 858 1215 1676 2090 2401 2872 3594 4633 6417
12 86 551 970 1355 1597 1852 2216 2755 3184 3819 4392 5942
8 87 658 1080 1368 1778 4120 5144 8349
11 88 525 816 1273 1763 2137 2433 2925 3506 4570 6093
10 89 1308 1645 2141 2630 3237 3745 4598 5312 7283
11 90 586 795 1076 1478 1910 2337 2915 3741 5024 7723
10 91 497 1033 1419 1739 2175 2411 2977 3922 4925
11 92 618 1046 1476 1893 2272 2646 2894 3641 4817 7349
11 93 545 1075 1485 1713 2223 2644 3273 4010 5460 9637
11 94 445 839 1245 1412 1753 2228 2636 3085 3934 5325
11 95 677 993 1400 1835 2334 2778 3296 3980 5020 7215
12 96 463 936 1342 1845 2083 2422 2974 3955 4460 5177 6419
9 97 584 1111 1432 1915 2416 3028 4193 5058
11 98 587 854 1350 1736 2253 2640 3002 3568 4518 5714
12 99 692 956 1260 1562 1991 2562 3075 3582 4075 4672 6890
10 100 605 1164 1503 1887 2291 2502 3315 4287 6022
10 101 409 940 1291 1642 2004 2470 3224 4083 5190
10 102 486 1124 1560 1962 2367 2631 3013 3771 5127
8 103 546 939 1327 1555 3716 4820 7766
8 104 499 2114 2627 3258 3848 5173 6342
11 105 786 1147 1496 1804 2205 2734 3244 3985 5247 6595
7 106 651 1149 1522 2032 2491 2939
11 107 660 1029 1370 1702 2110 2392 2806 3658 4728 5508
11 108 792 1257 1587 1914 2244 2540 2902 3665 4419 5571
11 109 507 987 1426 1876 2098 2459 3023 3642 4606 6750
12 110 713 999 1224 1508 1762 2144 2612 3150 3523 4886 5745
11 111 636 1118 1586 2078 2355 2864 3234 3956 4898 6467
11 112 473 898 1391 1718 2002 2358 2863 3505 4199 5616
10 113 616 833 1193 1547 1924 2310 2860 3676 4972
10 114 652 1082 1429 1735 2084 2485 3116 4273 6073
11 115 624 1131 1584 1895 2233 2638 3143 4079 4769 6010
8 116 625 1014 1466 1880 4108 5410 9476
11 117 453 825 1223 1501 1957 2360 2995 3975 5037 6507
13 118 516 800 1185 1594 1832 2129 2381 2926 3456 3864 4577 6364
11 119 572 1017 1362 1768 2261 2610 3110 3561 4220 5688
11 120 470 884 1500 1698 2146 2606 2953 3661 4600 7133
13 121 520 841 1165 1472 1833 2073 2493 2905 3290 4069 5333 7606
12 122 449 849 1251 1553 2044 2266 2662 3134 3889 4783 6212
13 123 504 953 1309 1709 2057 2405 2918 3486 4160 4542 6063 8364
13 124 560 749 1119 1272 1608 2011 2487 2976 3726 4357 5547 6632
12 125 573 968 1218 1556 2058 2226 2770 3152 3488 3903 5459
13 126 419 838 1129 1347 1621 1933 2218 2555 3032 3567 4688 6955
11 127 606 1007 1565 1932 2276 2547 3001 3762 4790 5859
5 128 666 2230 2658 3207
8 129 547 820 2225 2744 3517 3837 5362
11 130 539 1092 1525 2025 2273 2628 3081 3545 4229 5439
12 131 478 812 1013 1430 1665 2102 2513 2836 3679 4568 5669
12 132 548 911 1259 1697 2019 2383 2685 3287 3624 5121 6700
12 133 437 960 1148 1623 1929 2242 2602 3158 3806 4189 5435
13 134 540 944 1322 1660 2001 2329 2834 3094 3569 4243 5545 8375
11 135 496 899 1228 1657 1987 2477 2980 3397 3914 5072
12 136 602 1057 1434 1668 1953 2283 2817 3247 3868 4735 6241
8 137 654 978 2537 3019 3702 4700 8519
13 138 413 818 1103 1507 1758 2222 2611 2875 3452 4013 4631 6051
7 139 743 1168 1344 3528 4393 5916
11 140 579 1041 1499 1968 2371 2769 3063 3950 4580 6494
11 141 629 928 1301 1627 1967 2438 2890 3365 4142 5644
13 142 718 985 1449 1673 2072 2350 2810 3282 3749 4333 5784 7590
12 143 639 966 1345 1598 1898 2087 2590 3100 3737 4757 6623
11 144 442 934 1373 1724 2023 2351 2906 3543 4183 5348
11 145 438 1026 1439 1873 2237 2674 2985 3562 4399 5633
12 146 686 990 1356 1927 2156 2635 2884 3302 3977 5363 6935
8 147 608 873 2471 2871 3345 4242 6258
12 148 611 918 1296 1675 2034 2281 2724 3217 3825 5035 8210
10 149 567 912 1390 1972 2325 2766 3434 4145 5098
10 150 705 997 1190 2524 2909 3226 3944 4808 6127
10 151 671 1056 1482 1738 2211 2822 3611 4731 5790
6 152 556 1000 2619 3144 3861
11 153 595 1133 1459 1955 2336 2746 3212 3942 4401 6210
11 154 675 1038 1341 1881 2257 2818 3256 4022 5456 9759
10 155 777 1073 1457 1871 2362 2756 3504 4292 5542
10 156 797 1116 1511 1882 2354 2948 3838 4501 6439
11 157 612 964 1264 1692 2041 2391 2821 3191 3978 5390
12 158 400 775 1112 1502 1777 2190 2481 2984 3801 4375 5476
12 159 465 881 1255 1513 1941 2328 2719 3126 3589 4456 5414
12 160 688 1085 1321 1722 2095 2479 2848 3374 3969 4911 6613
9 161 722 1281 1546 2835 3274 3860 4753 6828
11 162 530 809 1093 1292 1609 1965 2311 2814 3613 4971
13 163 414 869 1295 1600 1850 2247 2812 3514 3995 4506 5720 7820
11 164 589 1214 1463 1837 2332 2901 3392 4408 5449 7814
10 165 733 1176 1593 1749 2210 2563 2971 3733 5296
8 166 440 871 1339 3071 4133 5432 9876
11 167 696 907 1289 1679 2076 2389 2913 3674 4237 5471
11 168 739 1050 1334 1878 2382 2824 3298 4354 5493 7751
11 169 506 938 1323 1663 2115 2526 3074 3831 4723 6193
11 170 434 780 1317 1622 1946 2387 2655 3145 4610 5874
11 171 424 973 1380 1737 2000 2414 2858 3628 4231 6260
10 172 667 976 1378 1752 2086 2323 2855 3917 4900
8 173 477 863 1363 1819 2288 5398 6559
7 174 1774 2017 2476 3177 4122 5265
12 175 607 852 1417 1641 2068 2484 2801 3526 4484 5029 6246
10 176 670 1123 1187 1629 2204 2623 3121 3705 6405
12 177 517 781 988 1307 1689 1999 2483 3018 3507 5046 6273
13 178 411 702 1122 1451 1658 1945 2133 2522 3102 3809 4962 6505
10 179 684 1232 1575 1966 2344 2827 3587 4438 6191
9 180 1960 2330 2700 3007 3464 4338 5412 7509
11 181 457 868 1277 1549 1897 2267 2670 3379 4222 5233
8 182 481 1027 2583 3275 3863 4719 6291
11 183 703 949 1414 1649 2052 2517 3015 3591 4541 6011
10 184 724 1184 1680 1944 2339 2779 3499 4174 5850
12 185 668 914 1220 1538 1834 2243 2728 3335 3856 4936 8152
11 186 512 989 1411 1925 2306 2750 3419 4215 5501 7223
11 187 634 1039 1358 1682 2136 2475 2815 3264 4126 5361
10 188 566 1002 2048 2467 2840 3412 4061 5119 6795
12 189 479 892 1298 1686 2006 2341 2891 3588 3960 5063 7496
11 190 435 844 1137 1559 2097 2671 3058 3630 4968 7395
7 191 669 1180 1573 1843 2212 5697
12 192 450 887 1266 1714 1989 2203 2749 3277 4319 5272 7566
11 193 561 896 1202 1670 2314 2757 3096 3804 5055 7039
12 194 665 865 1330 1801 2189 2441 2888 3415 4177 5524 9391
8 195 555 937 1208 2879 3441 4254 5596
11 196 782 1205 1640 1891 2168 2592 3118 3820 4955 7112
12 197 632 848 1145 1554 2080 2365 2987 3336 4311 5434 7154
12 198 751 1089 1487 1814 2119 2599 2929 3576 4019 4987 6534
11 199 528 941 1328 1678 2145 2460 3059 3620 5264 8046
11 200 732 1065 1473 1796 2075 2368 3034 3797 5122 6230
11 201 557 867 1444 1853 2333 2856 3136 3631 3998 5248
10 202 454 1020 1532 1741 2282 2698 3359 4545 5293
10 203 1592 1885 2121 2629 3185 3832 4474 5044 6775
10 204 535 1021 1514 1943 2380 2870 3677 4702 5939
13 205 701 917 1247 1616 1921 2349 2988 3511 3884 4564 5077 6994
10 206 720 1126 1402 1634 2037 2516 3227 4298 5646
10 207 717 921 1262 1715 2279 2825 3617 4479 5696
11 208 402 879 1427 1839 2289 2702 3242 4272 5257 6919
11 209 599 803 1169 1669 2085 2455 3046 3854 4599 7304
11 210 693 1156 1589 1974 2167 2716 3069 3886 4446 5416
7 211 897 1284 3022 3520 4418 6288
11 212 785 1077 1406 1750 2027 2450 3195 3929 4500 6271
12 213 591 924 1225 1569 1903 2198 2654 3465 4267 5148 6355
11 214 549 1058 1519 1771 2020 2373 2780 3519 4277 5334
10 215 408 983 1506 1923 2307 2693 3310 4226 5653
10 216 752 1177 1624 1988 2457 3061 3835 4844 5778
12 217 559 1015 1582 1826 2200 2545 3012 3472 4513 5280 7017
5 218 1781 2238 2669 4301
8 219 568 1105 2421 2796 3449 4341 5512
10 220 707 998 1526 1899 2252 2534 3076 3719 5011
8 221 630 1078 1381 3201 3892 4553 5549
10 222 663 974 1395 1747 2231 2515 3268 4172 5505
10 223 725 994 1433 2035 2400 2740 3427 4468 5555
11 224 444 808 1173 1453 1868 2309 2723 3161 3923 5454
12 225 401 765 1025 1337 1661 2051 2435 2946 3577 4175 4983
9 226 627 979 1385 1829 2066 2503 3045 3491
10 227 495 830 1234 1578 1861 2099 3671 4459 5294
11 228 569 810 1167 1490 1773 2318 2793 3347 4165 5407
11 229 806 1064 1603 2070 2410 2813 3284 4095 5224 6448
10 230 767 1161 1558 1970 2478 3166 3982 4908 5964
12 231 698 1241 1643 1892 2229 2613 3082 3559 4660 5175 5749
11 232 580 1154 1435 1787 2061 2689 2876 3688 5157 6514
7 233 1288 1545 3522 4102 5068 7335
11 234 446 826 1135 2584 2832 3153 3533 4462 5474 9069
11 235 570 877 1181 1703 2101 2428 2847 3720 5095 6371
8 236 455 807 1221 1638 2054 2445 5842
11 237 468 843 1274 1848 2241 2509 2882 3586 4641 6693
12 238 550 971 1379 1872 2440 2733 3172 3715 4841 5825 9488
11 239 531 1030 1495 1961 2539 2844 3353 4018 5078 8091
7 240 1831 2447 3026 3376 4363 6687
9 241 505 1023 2366 2624 3260 4178 5047 7238
11 242 709 1019 1286 1913 2195 2647 3192 3635 4752 5895
10 243 759 952 1477 1905 2359 2955 3525 4737 7049
9 244 447 915 1197 1467 1780 2280 2541 6444
11 245 564 932 1365 1864 2188 2649 3388 4534 5376 8154
10 246 681 1031 1353 1748 2182 2500 2978 3728 5108
11 247 621 840 1183 1633 1980 2213 2505 2924 3618 4321
12 248 490 831 1238 1460 1807 2063 2434 2811 3536 4348 5368
11 249 754 1128 1491 1764 2221 2704 3140 3899 5302 7350
12 250 464 846 1235 1530 1779 2192 2565 2993 3706 4284 6302
11 251 741 1125 1521 1904 2452 2767 3178 4296 4978 8169
11 252 704 1008 1237 1580 1836 2443 3107 4049 5130 8012
10 253 493 961 1333 1733 2150 2550 3320 4422 5988
11 254 426 866 1348 1653 2049 2454 2896 3759 4581 5599
10 255 410 747 1061 2317 2682 3223 4149 4977 7537
13 256 678 894 1405 1742 1981 2315 2665 3078 3558 4315 5311 9088
11 257 458 1044 1393 1744 2170 2625 3099 3744 4402 5836
11 258 769 1074 1441 1656 2082 2501 3106 3853 5118 8308
10 259 661 1113 1646 2088 2765 3509 4378 5458 8572
9 260 562 755 1140 2819 3479 3996 4741 6766
8 261 514 893 1331 1615 2065 2594 3088
11 262 791 1174 1581 2038 2127 2618 2862 3492 4649 6111
9 263 500 872 2409 2804 3162 3822 5162 8054
10 264 750 1188 1570 1954 2406 2914 3529 4695 5607
12 265 436 801 1087 1631 1918 2506 2892 3485 4241 5592 8002
9 266 737 1196 1470 1811 2183 2703 3288 6840
10 267 763 1198 1577 1858 2303 2730 3372 4490 6060
8 268 772 1101 1450 1684 2030 2430 5731
12 269 635 954 1324 1652 2140 2397 2878 3165 3876 4823 6702
11 270 553 1024 1359 1751 2148 2462 2960 3248 3742 5606
6 271 771 1217 1626 3723 5225
10 272 770 1227 1760 2161 2542 3020 3872 4416 5543
8 273 615 930 1294 1711 1840 2265 5563
10 274 622 1226 1693 2128 2488 3127 3563 4726 5931
11 275 577 947 1267 1756 2158 2510 3175 4091 4846 6870
9 276 501 923 2105 2451 3021 3769 4498 5840
9 277 476 1938 2124 2632 2922 3644 4286 5544
12 278 498 802 1086 1486 1939 2374 2739 3309 4324 5244 6285
11 279 695 972 1280 1740 1963 2461 3182 3703 4650 5629
8 280 482 910 1254 1650 1922 4275 5682
10 281 428 922 1211 1524 1997 2558 3111 4269 5798
10 282 427 880 1407 1812 2186 2820 3552 4795 7008
10 283 412 995 1394 1795 2285 2808 3324 4578 5788
12 284 491 779 1121 1504 1838 2215 2588 2932 3634 4592 5821
10 285 726 1083 1531 1821 2250 2598 3164 4005 5198
11 286 407 799 1338 1639 2047 2546 3300 4448 5515 7002
11 287 613 1130 1448 1825 2196 2650 2923 3612 4859 5841
5 288 766 2304 2567 2951
8 289 508 888 1297 1786 2134 2747 3367
11 290 471 850 1244 1479 1816 2219 2726 3343 4626 6153
8 291 650 950 1320 1813 2396 2587 3086
9 292 441 860 1316 1707 2050 2486 5051 6918
11 293 620 1079 1443 1948 2320 2990 3610 4180 4476 6148
10 294 519 874 1392 1798 2122 2759 3460 4197 5828
8 295 430 746 1172 1376 2944 4156 5485
12 296 576 1157 1371 1688 2069 2492 2771 3218 3926 5685 9931
10 297 715 1096 1360 1681 1983 2335 2823 3293 3870
11 298 460 929 1382 1823 2160 2604 3206 3724 4811 7559
11 299 421 886 1204 1690 2064 2361 2803 3480 4103 5408
9 300 416 764 1055 1349 1817 4000 4901 7024
11 301 706 1063 1375 1729 2062 2419 2968 3627 4620 6721
12 302 404 760 1179 1488 1790 2206 2596 3000 3902 5138 9404
10 303 694 931 1326 1800 2209 2843 3322 4118 5735
12 304 417 761 1170 1541 1860 2322 2586 3243 3814 4771 6152
11 305 603 946 1431 1958 2249 2732 3301 3792 4670 5275
5 306 1628 2053 4186 5370
13 307 575 814 1106 1408 1699 2028 2258 2499 2997 3836 4447 6221
13 308 484 851 1139 1475 1849 2208 2634 3041 3554 4303 5073 6872
11 309 596 1068 1471 1730 2108 2376 3048 3355 4339 5117
7 310 1769 2142 2561 3204 4032 5373
6 311 1719 1975 2458 2842 3341
11 312 588 986 1384 1666 2014 2353 2845 3694 5179 5661
12 313 656 959 1386 1659 2043 2319 2616 3010 3664 4755 6350
11 314 574 1051 1387 1734 2162 2753 3283 4251 5048 7951
7 315 730 1114 2775 3417 4538 5953
10 316 581 1036 1428 1936 2431 2833 3609 4473 5672
10 317 631 1097 1403 1770 2259 2637 3289 4188 5499
12 318 640 900 1239 1601 1782 2154 2642 3357 4268 5423 6524
11 319 598 1010 1389 1808 2155 2527 3084 3518 4488 5817
11 320 633 1109 1458 1651 2139 2574 3014 4009 4952 6458
12 321 708 1081 1413 1654 2089 2482 2859 3670 4383 5575 9354
12 322 637 905 1354 1906 2172 2597 2943 3383 4086 4909 6479
11 323 789 1166 1440 1912 2118 2473 2947 3431 4158 5775
7 324 641 2234 2679 3238 4212 5415
11 325 488 1040 1571 1977 2248 2752 3132 3707 4374 6339
11 326 682 1053 1423 1792 2096 2554 3189 3730 4799 6792
8 327 642 1018 2608 3209 3909 4680 6717
11 328 565 1012 1436 1726 2046 2324 2768 3484 4240 5760
8 329 729 890 1242 1563 3521 4192 6390
11 330 679 1094 1505 1687 2100 2617 3186 3834 4996 7302
10 331 712 1142 1568 2010 2439 2722 3313 4427 5286
11 332 697 920 1269 1767 2039 2504 3031 3698 4540 6019
12 333 469 861 1236 1442 1949 2284 2580 3180 3943 4701 5665
12 334 537 1060 1612 1942 2340 2677 3115 3304 4182 4982 5857
11 335 524 926 1300 1566 1875 2347 2656 3413 4554 6944
11 336 617 925 1243 1535 1911 2274 2518 3155 3850 5586
12 337 433 783 1052 1548 1870 2239 2680 3380 4041 4931 8582
10 338 418 951 1367 1976 2423 2792 3684 4364 5652
11 339 683 1042 1509 1630 1930 2489 3079 3711 4140 5855
11 340 626 919 1311 1691 2091 2691 3337 4230 5150 6323
11 341 459 878 1162 1396 1728 2117 2472 2933 3755 5588
10 342 423 864 1455 1883 2378 2945 3502 4622 6934
12 343 452 977 1454 1743 2033 2490 2861 3352 4129 5159 7586
12 344 689 980 1265 1704 2157 2413 2991 3595 4522 5463 8607
11 345 533 1004 1216 1518 1824 2125 2785 3252 4337 5814
12 346 714 1163 1250 1591 1797 2277 2741 3280 4271 5149 6586
9 347 762 1127 1542 1964 2394 2850 3649 4325
12 348 744 1120 1465 1847 2174 2643 3040 3781 4444 5339 7111
11 349 403 756 1107 1409 1889 2255 2676 3265 4320 7105
11 350 742 1207 1534 1901 2386 2772 3390 4305 5002 7481
9 351 710 1143 2165 2633 3011 3857 4332 6487
10 352 529 1006 1364 1788 2254 2705 3095 4057 5561
10 353 645 1088 1574 1920 2301 2690 3171 4081 5551
8 354 563 2246 2668 3350 3941 4923 6300
11 355 536 870 1287 1625 2153 2525 3093 3592 4457 5269
10 356 597 798 1310 1695 2589 3109 3405 4239 5504
8 357 431 856 1399 2852 3660 4425 5446
11 358 515 1153 1462 1851 2126 2532 3259 3880 4611 5873
9 359 494 991 1510 1802 2264 2903 3604 4530
10 360 836 1233 1746 2109 2456 2956 3690 4865 5659
8 361 748 1069 1484 1998 4350 5538 7615
10 362 699 981 1270 1544 1705 2178 2620 4683 5470
8 363 784 1192 2721 3391 3812 4803 6490
8 364 1828 2149 2560 2962 3481 4725 5960
11 365 527 1005 1420 1667 1990 2466 2936 3844 4993 7057
11 366 687 1043 1374 1754 2227 2615 3422 4040 4883 5647
10 367 467 902 1329 1708 2169 2694 3361 4052 6351
5 368 1700 2094 2528 5926
9 369 628 1146 2868 3306 3766 4674 5404 8717
12 370 405 805 1099 1325 1620 1890 2173 2851 3440 4517 5707
12 371 727 1091 1352 1614 1994 2193 2607 2998 3954 5125 7702
7 372 719 2299 2970 3633 4759 7739
12 373 503 913 1248 1632 2045 2326 2708 3142 3911 5147 8825
11 374 472 823 1201 1636 2022 2417 2966 3734 4288 5467
12 375 439 895 1090 1464 1818 2429 2873 3428 4162 5666 8232
11 376 711 942 1191 1539 2081 2553 3098 3683 4614 7441
10 377 817 1186 1809 2197 2529 3043 3535 4157 5461
11 378 593 955 1415 1806 2342 2908 3407 3887 5111 6675
11 379 787 1199 1602 1827 2375 2707 3330 4097 4951 6104
11 380 700 982 1306 1647 1934 2308 2776 3246 4261 6368
10 381 532 1152 1557 1863 2294 2727 3312 4778 9350
12 382 451 827 1132 1550 1884 2164 2425 3087 3687 4203 5142
10 383 489 904 1445 1859 2327 2794 3581 4465 6170
12 384 716 1098 1536 1810 2151 2364 2683 3151 3713 4916 7348
11 385 443 889 1271 1685 2113 2463 3113 4124 5232 8120
11 386 461 829 1194 1951 2345 2530 3062 3600 4451 6434
11 387 657 958 1314 1710 2171 2725 3399 3871 4813 6278
11 388 790 1003 1299 1561 2031 2621 2874 3327 4210 5753
11 389 859 1212 1619 1896 2180 2713 3272 4403 5438 8908
8 390 420 933 1268 1585 1928 2232 2709
11 391 518 853 1048 1516 1917 2224 2666 3240 4218 5848
11 392 485 857 1290 1694 2270 2664 3331 4132 5084 5937
8 393 655 828 1319 3198 3652 4563 6533
8 394 659 1047 1275 1469 1785 4116 5030
12 395 600 1035 1512 1919 2286 2626 2961 3423 4110 4891 5961
11 396 462 822 1256 1605 2008 2370 3060 3727 4716 6330
12 397 758 962 1404 1662 1916 2290 2521 2940 3681 4531 5894
11 398 673 1016 1424 1877 2271 2763 3349 3878 4732 5364
8 399 513 943 2564 3097 3448 4458 5944
